15:38:45.278 [main] INFO org.eclipse.jetty.util.log - Logging initialized @1398ms to org.eclipse.jetty.util.log.Slf4jLog
15:38:45.351 [main] INFO ROOT - Server started on port 8285, with network data repo at /opt/ndex/data/
15:38:45.410 [main] INFO org.eclipse.jetty.server.Server - jetty-9.4.8.v20171121, build timestamp: 2017-11-21T13:27:37-08:00, git hash: 82b8fb23f757335bb3329d540ce37a2a2615f0a8
15:38:45.661 [main] INFO org.jboss.resteasy.resteasy_jaxrs.i18n - RESTEASY002225: Deploying javax.ws.rs.core.Application: class org.ndexbio.NeighborhoodQueryApplication
15:38:45.662 [main] INFO org.jboss.resteasy.resteasy_jaxrs.i18n - RESTEASY002210: Adding provider singleton org.ndexbio.DefaultExceptionMapper from Application class org.ndexbio.NeighborhoodQueryApplication
15:38:45.662 [main] INFO org.jboss.resteasy.resteasy_jaxrs.i18n - RESTEASY002210: Adding provider singleton org.ndexbio.BadRequestExceptionMapper from Application class org.ndexbio.NeighborhoodQueryApplication
15:38:45.663 [main] INFO org.jboss.resteasy.resteasy_jaxrs.i18n - RESTEASY002220: Adding singleton resource org.ndexbio.MessageResource from Application class org.ndexbio.NeighborhoodQueryApplication
15:38:45.701 [main] INFO org.eclipse.jetty.server.handler.ContextHandler - Started o.e.j.s.ServletContextHandler@79351f41{/,null,AVAILABLE}
15:38:45.740 [main] INFO org.eclipse.jetty.server.AbstractConnector - Started ServerConnector@2e8e8225{HTTP/1.1,[http/1.1]}{0.0.0.0:8285}
15:38:45.740 [main] INFO org.eclipse.jetty.server.Server - Started @1865ms
15:38:45.740 [main] INFO org.eclipse.jetty.util.log - Embedded Jetty logging started.
Server started on port 8285, with network data repo at /opt/ndex/data/
java.nio.file.NoSuchFileException: /opt/ndex/services/interactome/result/fba34524-54f0-3eca-9d94-d1e76e9f7235
	at sun.nio.fs.UnixException.translateToIOException(UnixException.java:86)
	at sun.nio.fs.UnixException.rethrowAsIOException(UnixException.java:102)
	at sun.nio.fs.UnixException.rethrowAsIOException(UnixException.java:107)
	at sun.nio.fs.UnixFileSystemProvider.createDirectory(UnixFileSystemProvider.java:384)
	at java.nio.file.Files.createDirectory(Files.java:674)
	at org.ndexbio.MessageResource.createDirIfNotExists(MessageResource.java:265)
	at org.ndexbio.MessageResource.interactomeSearch(MessageResource.java:99)
	at sun.reflect.NativeMethodAccessorImpl.invoke0(Native Method)
	at sun.reflect.NativeMethodAccessorImpl.invoke(NativeMethodAccessorImpl.java:62)
	at sun.reflect.DelegatingMethodAccessorImpl.invoke(DelegatingMethodAccessorImpl.java:43)
	at java.lang.reflect.Method.invoke(Method.java:497)
	at org.jboss.resteasy.core.MethodInjectorImpl.invoke(MethodInjectorImpl.java:140)
	at org.jboss.resteasy.core.ResourceMethodInvoker.invokeOnTarget(ResourceMethodInvoker.java:294)
	at org.jboss.resteasy.core.ResourceMethodInvoker.invoke(ResourceMethodInvoker.java:248)
	at org.jboss.resteasy.core.ResourceMethodInvoker.invoke(ResourceMethodInvoker.java:235)
	at org.jboss.resteasy.core.SynchronousDispatcher.invoke(SynchronousDispatcher.java:402)
	at org.jboss.resteasy.core.SynchronousDispatcher.invoke(SynchronousDispatcher.java:209)
	at org.jboss.resteasy.plugins.server.servlet.ServletContainerDispatcher.service(ServletContainerDispatcher.java:227)
	at org.jboss.resteasy.plugins.server.servlet.HttpServletDispatcher.service(HttpServletDispatcher.java:56)
	at org.jboss.resteasy.plugins.server.servlet.HttpServletDispatcher.service(HttpServletDispatcher.java:51)
	at javax.servlet.http.HttpServlet.service(HttpServlet.java:791)
	at org.eclipse.jetty.servlet.ServletHolder.handle(ServletHolder.java:860)
	at org.eclipse.jetty.servlet.ServletHandler.doHandle(ServletHandler.java:535)
	at org.eclipse.jetty.server.handler.ScopedHandler.nextHandle(ScopedHandler.java:188)
	at org.eclipse.jetty.server.handler.ContextHandler.doHandle(ContextHandler.java:1253)
	at org.eclipse.jetty.server.handler.ScopedHandler.nextScope(ScopedHandler.java:168)
	at org.eclipse.jetty.servlet.ServletHandler.doScope(ServletHandler.java:473)
	at org.eclipse.jetty.server.handler.ScopedHandler.nextScope(ScopedHandler.java:166)
	at org.eclipse.jetty.server.handler.ContextHandler.doScope(ContextHandler.java:1155)
	at org.eclipse.jetty.server.handler.ScopedHandler.handle(ScopedHandler.java:141)
	at org.eclipse.jetty.server.handler.HandlerWrapper.handle(HandlerWrapper.java:132)
	at org.eclipse.jetty.server.Server.handle(Server.java:530)
	at org.eclipse.jetty.server.HttpChannel.handle(HttpChannel.java:347)
	at org.eclipse.jetty.server.HttpConnection.onFillable(HttpConnection.java:256)
	at org.eclipse.jetty.io.AbstractConnection$ReadCallback.succeeded(AbstractConnection.java:279)
	at org.eclipse.jetty.io.FillInterest.fillable(FillInterest.java:102)
	at org.eclipse.jetty.io.ChannelEndPoint$2.run(ChannelEndPoint.java:124)
	at org.eclipse.jetty.util.thread.strategy.EatWhatYouKill.doProduce(EatWhatYouKill.java:247)
	at org.eclipse.jetty.util.thread.strategy.EatWhatYouKill.produce(EatWhatYouKill.java:140)
	at org.eclipse.jetty.util.thread.QueuedThreadPool.runJob(QueuedThreadPool.java:708)
	at org.eclipse.jetty.util.thread.QueuedThreadPool$2.run(QueuedThreadPool.java:626)
	at java.lang.Thread.run(Thread.java:745)
15:43:10.273 [main] INFO org.eclipse.jetty.util.log - Logging initialized @941ms to org.eclipse.jetty.util.log.Slf4jLog
15:43:10.335 [main] INFO ROOT - Server started on port 8285, with network data repo at /opt/ndex/data/
15:43:10.386 [main] INFO org.eclipse.jetty.server.Server - jetty-9.4.8.v20171121, build timestamp: 2017-11-21T13:27:37-08:00, git hash: 82b8fb23f757335bb3329d540ce37a2a2615f0a8
15:43:10.650 [main] INFO org.jboss.resteasy.resteasy_jaxrs.i18n - RESTEASY002225: Deploying javax.ws.rs.core.Application: class org.ndexbio.NeighborhoodQueryApplication
15:43:10.653 [main] INFO org.jboss.resteasy.resteasy_jaxrs.i18n - RESTEASY002220: Adding singleton resource org.ndexbio.MessageResource from Application class org.ndexbio.NeighborhoodQueryApplication
15:43:10.653 [main] INFO org.jboss.resteasy.resteasy_jaxrs.i18n - RESTEASY002210: Adding provider singleton org.ndexbio.BadRequestExceptionMapper from Application class org.ndexbio.NeighborhoodQueryApplication
15:43:10.654 [main] INFO org.jboss.resteasy.resteasy_jaxrs.i18n - RESTEASY002210: Adding provider singleton org.ndexbio.DefaultExceptionMapper from Application class org.ndexbio.NeighborhoodQueryApplication
15:43:10.694 [main] INFO org.eclipse.jetty.server.handler.ContextHandler - Started o.e.j.s.ServletContextHandler@49c6c24f{/,null,AVAILABLE}
15:43:10.734 [main] INFO org.eclipse.jetty.server.AbstractConnector - Started ServerConnector@7103cb56{HTTP/1.1,[http/1.1]}{0.0.0.0:8285}
15:43:10.734 [main] INFO org.eclipse.jetty.server.Server - Started @1407ms
15:43:10.734 [main] INFO org.eclipse.jetty.util.log - Embedded Jetty logging started.
Server started on port 8285, with network data repo at /opt/ndex/data/
java.io.FileNotFoundException: null/fba34524-54f0-3eca-9d94-d1e76e9f7235/tmp_3c1bdc9e-2be3-11e9-ad04-52495394a1cd (No such file or directory)
	at java.io.FileOutputStream.open0(Native Method)
	at java.io.FileOutputStream.open(FileOutputStream.java:270)
	at java.io.FileOutputStream.<init>(FileOutputStream.java:213)
	at java.io.FileOutputStream.<init>(FileOutputStream.java:101)
	at org.ndexbio.NetworkQueryManager.directQuery(NetworkQueryManager.java:259)
	at org.ndexbio.NetworkQueryManager.search(NetworkQueryManager.java:89)
	at org.ndexbio.MessageResource$SearchWorkerThread.run(MessageResource.java:179)
15:54:41.623 [main] INFO org.eclipse.jetty.util.log - Logging initialized @942ms to org.eclipse.jetty.util.log.Slf4jLog
15:54:41.686 [main] INFO ROOT - Server started on port 8285, with network data repo at /opt/ndex/data/
15:54:41.737 [main] INFO org.eclipse.jetty.server.Server - jetty-9.4.8.v20171121, build timestamp: 2017-11-21T13:27:37-08:00, git hash: 82b8fb23f757335bb3329d540ce37a2a2615f0a8
15:54:42.000 [main] INFO org.jboss.resteasy.resteasy_jaxrs.i18n - RESTEASY002225: Deploying javax.ws.rs.core.Application: class org.ndexbio.NeighborhoodQueryApplication
15:54:42.003 [main] INFO org.jboss.resteasy.resteasy_jaxrs.i18n - RESTEASY002220: Adding singleton resource org.ndexbio.MessageResource from Application class org.ndexbio.NeighborhoodQueryApplication
15:54:42.003 [main] INFO org.jboss.resteasy.resteasy_jaxrs.i18n - RESTEASY002210: Adding provider singleton org.ndexbio.BadRequestExceptionMapper from Application class org.ndexbio.NeighborhoodQueryApplication
15:54:42.003 [main] INFO org.jboss.resteasy.resteasy_jaxrs.i18n - RESTEASY002210: Adding provider singleton org.ndexbio.DefaultExceptionMapper from Application class org.ndexbio.NeighborhoodQueryApplication
15:54:42.043 [main] INFO org.eclipse.jetty.server.handler.ContextHandler - Started o.e.j.s.ServletContextHandler@49c6c24f{/,null,AVAILABLE}
15:54:42.084 [main] INFO org.eclipse.jetty.server.AbstractConnector - Started ServerConnector@7103cb56{HTTP/1.1,[http/1.1]}{0.0.0.0:8285}
15:54:42.084 [main] INFO org.eclipse.jetty.server.Server - Started @1407ms
15:54:42.085 [main] INFO org.eclipse.jetty.util.log - Embedded Jetty logging started.
Server started on port 8285, with network data repo at /opt/ndex/data/
15:55:57.679 [Thread-11] INFO org.eclipse.jetty.util.log - Query returned 3466 edges.
15:55:58.202 [Thread-11] INFO org.eclipse.jetty.util.log - Total 13.291 seconds. Returned 3466 edges and 2139 nodes.
15:56:46.131 [Thread-11] INFO org.eclipse.jetty.util.log - Query returned 432083 edges.
15:57:00.069 [Thread-11] INFO org.eclipse.jetty.util.log - Total 61.866 seconds. Returned 432083 edges and 21872 nodes.
15:57:20.561 [Thread-11] INFO org.eclipse.jetty.util.log - Query returned 485 edges.
15:57:20.664 [Thread-11] INFO org.eclipse.jetty.util.log - Total 20.593 seconds. Returned 485 edges and 107 nodes.
15:57:23.596 [Thread-11] INFO org.eclipse.jetty.util.log - Query returned 351856 edges.
15:57:26.109 [Thread-11] INFO org.eclipse.jetty.util.log - Total 5.445 seconds. Returned 351856 edges and 14520 nodes.
15:57:26.918 [Thread-11] INFO org.eclipse.jetty.util.log - Query returned 49659 edges.
15:57:28.405 [Thread-11] INFO org.eclipse.jetty.util.log - Total 2.296 seconds. Returned 49659 edges and 9961 nodes.
16:14:00.675 [main] INFO org.eclipse.jetty.util.log - Logging initialized @1202ms to org.eclipse.jetty.util.log.Slf4jLog
16:14:00.765 [main] INFO ROOT - Server started on port 8285, with network data repo at /opt/ndex/data/
16:14:00.839 [main] INFO org.eclipse.jetty.server.Server - jetty-9.4.8.v20171121, build timestamp: 2017-11-21T13:27:37-08:00, git hash: 82b8fb23f757335bb3329d540ce37a2a2615f0a8
16:14:01.113 [main] INFO org.jboss.resteasy.resteasy_jaxrs.i18n - RESTEASY002225: Deploying javax.ws.rs.core.Application: class org.ndexbio.NeighborhoodQueryApplication
16:14:01.114 [main] INFO org.jboss.resteasy.resteasy_jaxrs.i18n - RESTEASY002210: Adding provider singleton org.ndexbio.DefaultExceptionMapper from Application class org.ndexbio.NeighborhoodQueryApplication
16:14:01.114 [main] INFO org.jboss.resteasy.resteasy_jaxrs.i18n - RESTEASY002210: Adding provider singleton org.ndexbio.BadRequestExceptionMapper from Application class org.ndexbio.NeighborhoodQueryApplication
16:14:01.115 [main] INFO org.jboss.resteasy.resteasy_jaxrs.i18n - RESTEASY002220: Adding singleton resource org.ndexbio.MessageResource from Application class org.ndexbio.NeighborhoodQueryApplication
16:14:01.157 [main] INFO org.eclipse.jetty.server.handler.ContextHandler - Started o.e.j.s.ServletContextHandler@79351f41{/,null,AVAILABLE}
16:14:01.197 [main] INFO org.eclipse.jetty.server.AbstractConnector - Started ServerConnector@2e8e8225{HTTP/1.1,[http/1.1]}{0.0.0.0:8285}
16:14:01.197 [main] INFO org.eclipse.jetty.server.Server - Started @1728ms
16:14:01.197 [main] INFO org.eclipse.jetty.util.log - Embedded Jetty logging started.
Server started on port 8285, with network data repo at /opt/ndex/data/
16:14:12.484 [Thread-11] INFO org.eclipse.jetty.util.log - Query returned 3466 edges.
16:14:12.772 [Thread-11] INFO org.eclipse.jetty.util.log - Total 0.703 seconds. Returned 3466 edges and 2139 nodes.
16:14:16.081 [Thread-11] INFO org.eclipse.jetty.util.log - Query returned 432083 edges.
16:14:30.338 [Thread-11] INFO org.eclipse.jetty.util.log - Total 17.566 seconds. Returned 432083 edges and 21872 nodes.
16:14:30.354 [Thread-11] INFO org.eclipse.jetty.util.log - Query returned 485 edges.
16:14:30.382 [Thread-11] INFO org.eclipse.jetty.util.log - Total 0.039 seconds. Returned 485 edges and 107 nodes.
16:14:33.097 [Thread-11] INFO org.eclipse.jetty.util.log - Query returned 351856 edges.
16:14:35.460 [Thread-11] INFO org.eclipse.jetty.util.log - Total 5.078 seconds. Returned 351856 edges and 14520 nodes.
16:14:35.863 [Thread-11] INFO org.eclipse.jetty.util.log - Query returned 49659 edges.
16:14:37.020 [Thread-11] INFO org.eclipse.jetty.util.log - Total 1.558 seconds. Returned 49659 edges and 9961 nodes.
16:21:25.630 [main] INFO org.eclipse.jetty.util.log - Logging initialized @1022ms to org.eclipse.jetty.util.log.Slf4jLog
16:21:25.688 [main] INFO ROOT - Server started on port 8285, with network data repo at /opt/ndex/data/
16:21:25.740 [main] INFO org.eclipse.jetty.server.Server - jetty-9.4.8.v20171121, build timestamp: 2017-11-21T13:27:37-08:00, git hash: 82b8fb23f757335bb3329d540ce37a2a2615f0a8
16:21:25.989 [main] INFO org.jboss.resteasy.resteasy_jaxrs.i18n - RESTEASY002225: Deploying javax.ws.rs.core.Application: class org.ndexbio.NeighborhoodQueryApplication
16:21:25.992 [main] INFO org.jboss.resteasy.resteasy_jaxrs.i18n - RESTEASY002220: Adding singleton resource org.ndexbio.MessageResource from Application class org.ndexbio.NeighborhoodQueryApplication
16:21:25.992 [main] INFO org.jboss.resteasy.resteasy_jaxrs.i18n - RESTEASY002210: Adding provider singleton org.ndexbio.BadRequestExceptionMapper from Application class org.ndexbio.NeighborhoodQueryApplication
16:21:25.992 [main] INFO org.jboss.resteasy.resteasy_jaxrs.i18n - RESTEASY002210: Adding provider singleton org.ndexbio.DefaultExceptionMapper from Application class org.ndexbio.NeighborhoodQueryApplication
16:21:26.036 [main] INFO org.eclipse.jetty.server.handler.ContextHandler - Started o.e.j.s.ServletContextHandler@49c6c24f{/,null,AVAILABLE}
16:21:26.076 [main] INFO org.eclipse.jetty.server.AbstractConnector - Started ServerConnector@7103cb56{HTTP/1.1,[http/1.1]}{0.0.0.0:8285}
16:21:26.076 [main] INFO org.eclipse.jetty.server.Server - Started @1472ms
16:21:26.076 [main] INFO org.eclipse.jetty.util.log - Embedded Jetty logging started.
Server started on port 8285, with network data repo at /opt/ndex/data/
javax.ws.rs.NotFoundException: RESTEASY003210: Could not find resource for full path: http://localhost:8285/interactome/v1/search/source
	at org.jboss.resteasy.core.registry.SegmentNode.match(SegmentNode.java:137)
	at org.jboss.resteasy.core.registry.RootNode.match(RootNode.java:43)
	at org.jboss.resteasy.core.registry.RootClassNode.match(RootClassNode.java:48)
	at org.jboss.resteasy.core.ResourceMethodRegistry.getResourceInvoker(ResourceMethodRegistry.java:467)
	at org.jboss.resteasy.core.SynchronousDispatcher.getInvoker(SynchronousDispatcher.java:264)
	at org.jboss.resteasy.core.SynchronousDispatcher.invoke(SynchronousDispatcher.java:201)
	at org.jboss.resteasy.plugins.server.servlet.ServletContainerDispatcher.service(ServletContainerDispatcher.java:227)
	at org.jboss.resteasy.plugins.server.servlet.HttpServletDispatcher.service(HttpServletDispatcher.java:56)
	at org.jboss.resteasy.plugins.server.servlet.HttpServletDispatcher.service(HttpServletDispatcher.java:51)
	at javax.servlet.http.HttpServlet.service(HttpServlet.java:791)
	at org.eclipse.jetty.servlet.ServletHolder.handle(ServletHolder.java:860)
	at org.eclipse.jetty.servlet.ServletHandler.doHandle(ServletHandler.java:535)
	at org.eclipse.jetty.server.handler.ScopedHandler.nextHandle(ScopedHandler.java:188)
	at org.eclipse.jetty.server.handler.ContextHandler.doHandle(ContextHandler.java:1253)
	at org.eclipse.jetty.server.handler.ScopedHandler.nextScope(ScopedHandler.java:168)
	at org.eclipse.jetty.servlet.ServletHandler.doScope(ServletHandler.java:473)
	at org.eclipse.jetty.server.handler.ScopedHandler.nextScope(ScopedHandler.java:166)
	at org.eclipse.jetty.server.handler.ContextHandler.doScope(ContextHandler.java:1155)
	at org.eclipse.jetty.server.handler.ScopedHandler.handle(ScopedHandler.java:141)
	at org.eclipse.jetty.server.handler.HandlerWrapper.handle(HandlerWrapper.java:132)
	at org.eclipse.jetty.server.Server.handle(Server.java:530)
	at org.eclipse.jetty.server.HttpChannel.handle(HttpChannel.java:347)
	at org.eclipse.jetty.server.HttpConnection.onFillable(HttpConnection.java:256)
	at org.eclipse.jetty.io.AbstractConnection$ReadCallback.succeeded(AbstractConnection.java:279)
	at org.eclipse.jetty.io.FillInterest.fillable(FillInterest.java:102)
	at org.eclipse.jetty.io.ChannelEndPoint$2.run(ChannelEndPoint.java:124)
	at org.eclipse.jetty.util.thread.strategy.EatWhatYouKill.doProduce(EatWhatYouKill.java:247)
	at org.eclipse.jetty.util.thread.strategy.EatWhatYouKill.produce(EatWhatYouKill.java:140)
	at org.eclipse.jetty.util.thread.strategy.EatWhatYouKill.run(EatWhatYouKill.java:131)
	at org.eclipse.jetty.util.thread.ReservedThreadExecutor$ReservedThread.run(ReservedThreadExecutor.java:382)
	at org.eclipse.jetty.util.thread.QueuedThreadPool.runJob(QueuedThreadPool.java:708)
	at org.eclipse.jetty.util.thread.QueuedThreadPool$2.run(QueuedThreadPool.java:626)
	at java.lang.Thread.run(Thread.java:745)
16:22:40.505 [Thread-14] INFO org.eclipse.jetty.util.log - Query returned 3466 edges.
16:22:40.763 [Thread-14] INFO org.eclipse.jetty.util.log - Total 0.49 seconds. Returned 3466 edges and 2139 nodes.
16:22:44.958 [Thread-14] INFO org.eclipse.jetty.util.log - Query returned 432083 edges.
16:23:07.586 [Thread-14] INFO org.eclipse.jetty.util.log - Total 26.822 seconds. Returned 432083 edges and 21872 nodes.
16:23:07.624 [Thread-14] INFO org.eclipse.jetty.util.log - Query returned 485 edges.
16:23:07.679 [Thread-14] INFO org.eclipse.jetty.util.log - Total 0.09 seconds. Returned 485 edges and 107 nodes.
16:23:11.587 [Thread-14] INFO org.eclipse.jetty.util.log - Query returned 351856 edges.
16:23:15.093 [Thread-14] INFO org.eclipse.jetty.util.log - Total 7.413 seconds. Returned 351856 edges and 14520 nodes.
16:23:15.655 [Thread-14] INFO org.eclipse.jetty.util.log - Query returned 49659 edges.
16:23:17.457 [Thread-14] INFO org.eclipse.jetty.util.log - Total 2.363 seconds. Returned 49659 edges and 9961 nodes.
java.lang.NumberFormatException: For input string: "52495394a1cd.cx"
	at java.lang.NumberFormatException.forInputString(NumberFormatException.java:65)
	at java.lang.Long.parseLong(Long.java:589)
	at java.lang.Long.valueOf(Long.java:776)
	at java.lang.Long.decode(Long.java:928)
	at java.util.UUID.fromString(UUID.java:206)
	at org.ndexbio.MessageResource.getOverlaidNetwork(MessageResource.java:201)
	at sun.reflect.NativeMethodAccessorImpl.invoke0(Native Method)
	at sun.reflect.NativeMethodAccessorImpl.invoke(NativeMethodAccessorImpl.java:62)
	at sun.reflect.DelegatingMethodAccessorImpl.invoke(DelegatingMethodAccessorImpl.java:43)
	at java.lang.reflect.Method.invoke(Method.java:497)
	at org.jboss.resteasy.core.MethodInjectorImpl.invoke(MethodInjectorImpl.java:140)
	at org.jboss.resteasy.core.ResourceMethodInvoker.invokeOnTarget(ResourceMethodInvoker.java:294)
	at org.jboss.resteasy.core.ResourceMethodInvoker.invoke(ResourceMethodInvoker.java:248)
	at org.jboss.resteasy.core.ResourceMethodInvoker.invoke(ResourceMethodInvoker.java:235)
	at org.jboss.resteasy.core.SynchronousDispatcher.invoke(SynchronousDispatcher.java:402)
	at org.jboss.resteasy.core.SynchronousDispatcher.invoke(SynchronousDispatcher.java:209)
	at org.jboss.resteasy.plugins.server.servlet.ServletContainerDispatcher.service(ServletContainerDispatcher.java:227)
	at org.jboss.resteasy.plugins.server.servlet.HttpServletDispatcher.service(HttpServletDispatcher.java:56)
	at org.jboss.resteasy.plugins.server.servlet.HttpServletDispatcher.service(HttpServletDispatcher.java:51)
	at javax.servlet.http.HttpServlet.service(HttpServlet.java:791)
	at org.eclipse.jetty.servlet.ServletHolder.handle(ServletHolder.java:860)
	at org.eclipse.jetty.servlet.ServletHandler.doHandle(ServletHandler.java:535)
	at org.eclipse.jetty.server.handler.ScopedHandler.nextHandle(ScopedHandler.java:188)
	at org.eclipse.jetty.server.handler.ContextHandler.doHandle(ContextHandler.java:1253)
	at org.eclipse.jetty.server.handler.ScopedHandler.nextScope(ScopedHandler.java:168)
	at org.eclipse.jetty.servlet.ServletHandler.doScope(ServletHandler.java:473)
	at org.eclipse.jetty.server.handler.ScopedHandler.nextScope(ScopedHandler.java:166)
	at org.eclipse.jetty.server.handler.ContextHandler.doScope(ContextHandler.java:1155)
	at org.eclipse.jetty.server.handler.ScopedHandler.handle(ScopedHandler.java:141)
	at org.eclipse.jetty.server.handler.HandlerWrapper.handle(HandlerWrapper.java:132)
	at org.eclipse.jetty.server.Server.handle(Server.java:530)
	at org.eclipse.jetty.server.HttpChannel.handle(HttpChannel.java:347)
	at org.eclipse.jetty.server.HttpConnection.onFillable(HttpConnection.java:256)
	at org.eclipse.jetty.io.AbstractConnection$ReadCallback.succeeded(AbstractConnection.java:279)
	at org.eclipse.jetty.io.FillInterest.fillable(FillInterest.java:102)
	at org.eclipse.jetty.io.ChannelEndPoint$2.run(ChannelEndPoint.java:124)
	at org.eclipse.jetty.util.thread.strategy.EatWhatYouKill.doProduce(EatWhatYouKill.java:247)
	at org.eclipse.jetty.util.thread.strategy.EatWhatYouKill.produce(EatWhatYouKill.java:140)
	at org.eclipse.jetty.util.thread.strategy.EatWhatYouKill.run(EatWhatYouKill.java:131)
	at org.eclipse.jetty.util.thread.ReservedThreadExecutor$ReservedThread.run(ReservedThreadExecutor.java:382)
	at org.eclipse.jetty.util.thread.QueuedThreadPool.runJob(QueuedThreadPool.java:708)
	at org.eclipse.jetty.util.thread.QueuedThreadPool$2.run(QueuedThreadPool.java:626)
	at java.lang.Thread.run(Thread.java:745)
org.ndexbio.model.exceptions.NdexException: Interactome service can't find file: result/fba34524-54f0-3eca-9d94-d1e76e9f7235/38e0d5d9-2be3-11e9-ad04-52495394a1cd (No such file or directory)
	at org.ndexbio.MessageResource.getOverlaidNetwork(MessageResource.java:217)
	at sun.reflect.NativeMethodAccessorImpl.invoke0(Native Method)
	at sun.reflect.NativeMethodAccessorImpl.invoke(NativeMethodAccessorImpl.java:62)
	at sun.reflect.DelegatingMethodAccessorImpl.invoke(DelegatingMethodAccessorImpl.java:43)
	at java.lang.reflect.Method.invoke(Method.java:497)
	at org.jboss.resteasy.core.MethodInjectorImpl.invoke(MethodInjectorImpl.java:140)
	at org.jboss.resteasy.core.ResourceMethodInvoker.invokeOnTarget(ResourceMethodInvoker.java:294)
	at org.jboss.resteasy.core.ResourceMethodInvoker.invoke(ResourceMethodInvoker.java:248)
	at org.jboss.resteasy.core.ResourceMethodInvoker.invoke(ResourceMethodInvoker.java:235)
	at org.jboss.resteasy.core.SynchronousDispatcher.invoke(SynchronousDispatcher.java:402)
	at org.jboss.resteasy.core.SynchronousDispatcher.invoke(SynchronousDispatcher.java:209)
	at org.jboss.resteasy.plugins.server.servlet.ServletContainerDispatcher.service(ServletContainerDispatcher.java:227)
	at org.jboss.resteasy.plugins.server.servlet.HttpServletDispatcher.service(HttpServletDispatcher.java:56)
	at org.jboss.resteasy.plugins.server.servlet.HttpServletDispatcher.service(HttpServletDispatcher.java:51)
	at javax.servlet.http.HttpServlet.service(HttpServlet.java:791)
	at org.eclipse.jetty.servlet.ServletHolder.handle(ServletHolder.java:860)
	at org.eclipse.jetty.servlet.ServletHandler.doHandle(ServletHandler.java:535)
	at org.eclipse.jetty.server.handler.ScopedHandler.nextHandle(ScopedHandler.java:188)
	at org.eclipse.jetty.server.handler.ContextHandler.doHandle(ContextHandler.java:1253)
	at org.eclipse.jetty.server.handler.ScopedHandler.nextScope(ScopedHandler.java:168)
	at org.eclipse.jetty.servlet.ServletHandler.doScope(ServletHandler.java:473)
	at org.eclipse.jetty.server.handler.ScopedHandler.nextScope(ScopedHandler.java:166)
	at org.eclipse.jetty.server.handler.ContextHandler.doScope(ContextHandler.java:1155)
	at org.eclipse.jetty.server.handler.ScopedHandler.handle(ScopedHandler.java:141)
	at org.eclipse.jetty.server.handler.HandlerWrapper.handle(HandlerWrapper.java:132)
	at org.eclipse.jetty.server.Server.handle(Server.java:530)
	at org.eclipse.jetty.server.HttpChannel.handle(HttpChannel.java:347)
	at org.eclipse.jetty.server.HttpConnection.onFillable(HttpConnection.java:256)
	at org.eclipse.jetty.io.AbstractConnection$ReadCallback.succeeded(AbstractConnection.java:279)
	at org.eclipse.jetty.io.FillInterest.fillable(FillInterest.java:102)
	at org.eclipse.jetty.io.ChannelEndPoint$2.run(ChannelEndPoint.java:124)
	at org.eclipse.jetty.util.thread.strategy.EatWhatYouKill.doProduce(EatWhatYouKill.java:247)
	at org.eclipse.jetty.util.thread.strategy.EatWhatYouKill.produce(EatWhatYouKill.java:140)
	at org.eclipse.jetty.util.thread.strategy.EatWhatYouKill.run(EatWhatYouKill.java:131)
	at org.eclipse.jetty.util.thread.ReservedThreadExecutor$ReservedThread.run(ReservedThreadExecutor.java:382)
	at org.eclipse.jetty.util.thread.QueuedThreadPool.runJob(QueuedThreadPool.java:708)
	at org.eclipse.jetty.util.thread.QueuedThreadPool$2.run(QueuedThreadPool.java:626)
	at java.lang.Thread.run(Thread.java:745)
16:50:16.590 [main] INFO org.eclipse.jetty.util.log - Logging initialized @944ms to org.eclipse.jetty.util.log.Slf4jLog
16:50:16.648 [main] INFO ROOT - Server started on port 8285, with network data repo at /opt/ndex/data/
16:50:16.698 [main] INFO org.eclipse.jetty.server.Server - jetty-9.4.8.v20171121, build timestamp: 2017-11-21T13:27:37-08:00, git hash: 82b8fb23f757335bb3329d540ce37a2a2615f0a8
16:50:16.951 [main] INFO org.jboss.resteasy.resteasy_jaxrs.i18n - RESTEASY002225: Deploying javax.ws.rs.core.Application: class org.ndexbio.NeighborhoodQueryApplication
16:50:16.953 [main] INFO org.jboss.resteasy.resteasy_jaxrs.i18n - RESTEASY002220: Adding singleton resource org.ndexbio.MessageResource from Application class org.ndexbio.NeighborhoodQueryApplication
16:50:16.953 [main] INFO org.jboss.resteasy.resteasy_jaxrs.i18n - RESTEASY002210: Adding provider singleton org.ndexbio.BadRequestExceptionMapper from Application class org.ndexbio.NeighborhoodQueryApplication
16:50:16.953 [main] INFO org.jboss.resteasy.resteasy_jaxrs.i18n - RESTEASY002210: Adding provider singleton org.ndexbio.DefaultExceptionMapper from Application class org.ndexbio.NeighborhoodQueryApplication
16:50:16.994 [main] INFO org.eclipse.jetty.server.handler.ContextHandler - Started o.e.j.s.ServletContextHandler@49c6c24f{/,null,AVAILABLE}
16:50:17.032 [main] INFO org.eclipse.jetty.server.AbstractConnector - Started ServerConnector@7103cb56{HTTP/1.1,[http/1.1]}{0.0.0.0:8285}
16:50:17.032 [main] INFO org.eclipse.jetty.server.Server - Started @1390ms
16:50:17.033 [main] INFO org.eclipse.jetty.util.log - Embedded Jetty logging started.
Server started on port 8285, with network data repo at /opt/ndex/data/
16:55:01.329 [main] INFO org.eclipse.jetty.util.log - Logging initialized @1568ms to org.eclipse.jetty.util.log.Slf4jLog
16:55:01.441 [main] INFO ROOT - Server started on port 8285, with network data repo at /opt/ndex/data/
16:55:01.528 [main] INFO org.eclipse.jetty.server.Server - jetty-9.4.8.v20171121, build timestamp: 2017-11-21T13:27:37-08:00, git hash: 82b8fb23f757335bb3329d540ce37a2a2615f0a8
16:55:02.004 [main] INFO org.jboss.resteasy.resteasy_jaxrs.i18n - RESTEASY002225: Deploying javax.ws.rs.core.Application: class org.ndexbio.NeighborhoodQueryApplication
16:55:02.008 [main] INFO org.jboss.resteasy.resteasy_jaxrs.i18n - RESTEASY002220: Adding singleton resource org.ndexbio.MessageResource from Application class org.ndexbio.NeighborhoodQueryApplication
16:55:02.009 [main] INFO org.jboss.resteasy.resteasy_jaxrs.i18n - RESTEASY002210: Adding provider singleton org.ndexbio.BadRequestExceptionMapper from Application class org.ndexbio.NeighborhoodQueryApplication
16:55:02.009 [main] INFO org.jboss.resteasy.resteasy_jaxrs.i18n - RESTEASY002210: Adding provider singleton org.ndexbio.DefaultExceptionMapper from Application class org.ndexbio.NeighborhoodQueryApplication
16:55:02.087 [main] INFO org.eclipse.jetty.server.handler.ContextHandler - Started o.e.j.s.ServletContextHandler@49c6c24f{/,null,AVAILABLE}
16:55:02.155 [main] INFO org.eclipse.jetty.server.AbstractConnector - Started ServerConnector@7103cb56{HTTP/1.1,[http/1.1]}{0.0.0.0:8285}
16:55:02.155 [main] INFO org.eclipse.jetty.server.Server - Started @2400ms
16:55:02.156 [main] INFO org.eclipse.jetty.util.log - Embedded Jetty logging started.
Server started on port 8285, with network data repo at /opt/ndex/data/
16:55:40.751 [Thread-11] INFO org.eclipse.jetty.util.log - Query returned 0 edges.
16:55:40.841 [Thread-11] INFO org.eclipse.jetty.util.log - Total 0.226 seconds. Returned 0 edges and 2 nodes.
16:55:41.052 [Thread-11] INFO org.eclipse.jetty.util.log - Query returned 6 edges.
16:55:42.024 [Thread-11] INFO org.eclipse.jetty.util.log - Total 1.183 seconds. Returned 6 edges and 5 nodes.
16:55:42.035 [Thread-11] INFO org.eclipse.jetty.util.log - Query returned 1 edges.
16:55:42.057 [Thread-11] INFO org.eclipse.jetty.util.log - Total 0.032 seconds. Returned 1 edges and 3 nodes.
16:55:42.469 [Thread-11] INFO org.eclipse.jetty.util.log - Query returned 3 edges.
16:55:42.688 [Thread-11] INFO org.eclipse.jetty.util.log - Total 0.631 seconds. Returned 3 edges and 5 nodes.
16:55:42.728 [Thread-11] INFO org.eclipse.jetty.util.log - Query returned 0 edges.
16:55:42.835 [Thread-11] INFO org.eclipse.jetty.util.log - Total 0.147 seconds. Returned 0 edges and 4 nodes.
